{"name": "test_checkout_information_validation", "status": "failed", "statusDetails": {"message": "AssertionError: assert 'Last Name is required' in 'Error: Postal Code is required'", "trace": "self = <tests.test_checkout.TestCheckout object at 0x0000012B6726F250>\n\n    @allure.story(\"测试结算信息验证\")\n    def test_checkout_information_validation(self):\n        \"\"\"测试结算信息的表单验证\"\"\"\n        with allure.step(\"1. 进入结算页面\"):\n            self.cart_page.click_checkout()\n    \n        with allure.step(\"2. 测试空信息提交\"):\n            self.checkout_page.click_continue()  # 不填写信息直接提交\n    \n            error_message = self.checkout_page.get_error_message()\n            assert error_message is not None\n            assert \"First Name is required\" in error_message\n            allure.attach(f\"错误信息: {error_message}\", name=\"Validation Error\")\n    \n        with allure.step(\"3. 测试只填写姓氏\"):\n            self.checkout_page.enter_checkout_info(\"\", \"李\", \"\")\n            self.checkout_page.click_continue()\n    \n            error_message = self.checkout_page.get_error_message()\n            assert \"First Name is required\" in error_message\n    \n        with allure.step(\"4. 测试只填写名字\"):\n            self.checkout_page.enter_checkout_info(\"王\", \"\", \"\")\n            self.checkout_page.click_continue()\n    \n            error_message = self.checkout_page.get_error_message()\n>           assert \"Last Name is required\" in error_message\nE           AssertionError: assert 'Last Name is required' in 'Error: Postal Code is required'\n\ntests\\test_checkout.py:103: AssertionError"}, "description": "测试结算信息的表单验证", "steps": [{"name": "1. 进入结算页面", "status": "passed", "start": 1770291831885, "stop": 1770291831963}, {"name": "2. 测试空信息提交", "status": "passed", "attachments": [{"name": "Validation Error", "source": "8d65eda4-2f2f-4343-b00f-fb732c1c8358-attachment.attach"}], "start": 1770291831963, "stop": 1770291832059}, {"name": "3. 测试只填写姓氏", "status": "passed", "start": 1770291832059, "stop": 1770291832264}, {"name": "4. 测试只填写名字", "status": "failed", "statusDetails": {"message": "AssertionError: assert 'Last Name is required' in 'Error: Postal Code is required'\n", "trace": "  File \"C:\\Users\\10295\\Desktop\\shell\\自动化框架练习\\ecommerce-automation-test\\tests\\test_checkout.py\", line 103, in test_checkout_information_validation\n    assert \"Last Name is required\" in error_message\n"}, "start": 1770291832264, "stop": 1770291832425}], "attachments": [{"name": "log", "source": "b1432bd3-48f3-40c5-be61-2f9ef84be679-attachment.txt", "type": "text/plain"}], "start": 1770291831885, "stop": 1770291832427, "uuid": "a2c0197a-d34d-470c-8ca8-749a6b1130a7", "historyId": "49c8d682b4ebab36695c76f8c5c4817e", "testCaseId": "c575c7e8ed51f36080e7d57740e4973b", "fullName": "tests.test_checkout.TestCheckout#test_checkout_information_validation", "labels": [{"name": "story", "value": "测试结算信息验证"}, {"name": "feature", "value": "结算功能测试"}, {"name": "parentSuite", "value": "tests"}, {"name": "suite", "value": "test_checkout"}, {"name": "subSuite", "value": "TestCheckout"}, {"name": "host", "value": "天河量子"}, {"name": "thread", "value": "9620-MainThread"}, {"name": "framework", "value": "pytest"}, {"name": "language", "value": "cpython3"}, {"name": "package", "value": "tests.test_checkout"}]}